<?xml version="1.0" encoding="UTF-8"?>
<!-- Generated by org.testng.reporters.JUnitReportReporter -->
<testsuite hostname="LAPTOP-5M6A98T7" name="testCases.TestingClass" tests="1" failures="0" timestamp="6 Dec 2018 09:52:55 GMT" time="38.033" errors="0">
  <testcase name="test" time="38.033" classname="testCases.TestingClass"/>
</testsuite> <!-- testCases.TestingClass -->
